#
# A fatal error has been detected by the Java Runtime Environment:
#
#  EXCEPTION_ACCESS_VIOLATION (0xc0000005) at pc=0x0000000075be69c2, pid=20228, tid=0x00000000000046e8
#
# JRE version: Java(TM) SE Runtime Environment (8.0_131-b11) (build 1.8.0_131-b11)
# Java VM: Java HotSpot(TM) 64-Bit Server VM (25.131-b11 mixed mode windows-amd64 compressed oops)
# Problematic frame:
# V  [jvm.dll+0x769c2]
#
# Failed to write core dump. Minidumps are not enabled by default on client versions of Windows
#
# If you would like to submit a bug report, please visit:
#   http://bugreport.java.com/bugreport/crash.jsp
#

---------------  T H R E A D  ---------------

Current thread (0x00000000224eb800):  JavaThread "restartedMain" [_thread_in_vm, id=18152, stack(0x0000000023570000,0x0000000023670000)]

siginfo: ExceptionCode=0xc0000005, reading address 0x000000007a2881c8

Registers:
RAX=0x0000000003035870, RBX=0x000000007a2881c8, RCX=0x00000000030247e0, RDX=0x00000000000026de
RSP=0x000000002366a3e0, RBP=0x000000000e6b2546, RSI=0x000000002366a4e0, RDI=0x0000000000000003
R8 =0x0000000022f1f51b, R9 =0x0000000000000026, R10=0x0000000075b70000, R11=0x000000000e6b2546
R12=0x0000000000000026, R13=0x0000000022f1f51b, R14=0x00000000030247e0, R15=0x0000000022f1f51b
RIP=0x0000000075be69c2, EFLAGS=0x0000000000010206

Top of Stack: (sp=0x000000002366a3e0)
0x000000002366a3e0:   00006665674dfae2 0000000075cac600
0x000000002366a3f0:   000000002366ac00 0000000075d157aa
0x000000002366a400:   0000000000000018 0000000000000018
0x000000002366a410:   000000002366ac00 0000000075be6ab4
0x000000002366a420:   0000000000000026 000000002366a560
0x000000002366a430:   000000002366a4e0 0000000022f1f51b
0x000000002366a440:   000000000e6b2546 0000000000000049
0x000000002366a450:   0000000000000026 0000000075bc4af9
0x000000002366a460:   0000000000000026 00000000224eb800
0x000000002366a470:   0000000000000000 0000000077bb8d17
0x000000002366a480:   0000000000000000 0000000000000078
0x000000002366a490:   0000000000000000 0000000000000000
0x000000002366a4a0:   0000000022e82600 0000004900000001
0x000000002366a4b0:   0000000000003800 0000000022f1f3a0
0x000000002366a4c0:   0000000022f1fac2 0000000022f1f541
0x000000002366a4d0:   000000002366afc0 000000002366b400 

Instructions: (pc=0x0000000075be69c2)
0x0000000075be69a2:   48 63 d2 33 ff 48 8b 1c d0 45 8b e1 4d 8b e8 4c
0x0000000075be69b2:   8b f1 48 85 db 74 4a 8b 6c 24 60 0f 1f 00 ff c7
0x0000000075be69c2:   39 2b 75 16 48 8b 73 10 45 8b c4 49 8b d5 48 8b
0x0000000075be69d2:   ce e8 68 50 0c 00 84 c0 75 48 48 8b 5b 08 48 83 


Register to memory mapping:

RAX=0x0000000003035870 is an unknown value
RBX=0x000000007a2881c8 is an unknown value
RCX=0x00000000030247e0 is an unknown value
RDX=0x00000000000026de is an unknown value
RSP=0x000000002366a3e0 is pointing into the stack for thread: 0x00000000224eb800
RBP=0x000000000e6b2546 is an unknown value
RSI=0x000000002366a4e0 is pointing into the stack for thread: 0x00000000224eb800
RDI=0x0000000000000003 is an unknown value
R8 =0x0000000022f1f51b is an unknown value
R9 =0x0000000000000026 is an unknown value
R10=0x0000000075b70000 is an unknown value
R11=0x000000000e6b2546 is an unknown value
R12=0x0000000000000026 is an unknown value
R13=0x0000000022f1f51b is an unknown value
R14=0x00000000030247e0 is an unknown value
R15=0x0000000022f1f51b is an unknown value


Stack: [0x0000000023570000,0x0000000023670000],  sp=0x000000002366a3e0,  free space=1000k
Native frames: (J=compiled Java code, j=interpreted, Vv=VM code, C=native code)
V  [jvm.dll+0x769c2]
V  [jvm.dll+0x76ab4]
V  [jvm.dll+0x54af9]
V  [jvm.dll+0x54ef9]
V  [jvm.dll+0x5d1f0]
V  [jvm.dll+0x7c2e4]
V  [jvm.dll+0x192da1]
V  [jvm.dll+0x19313b]
C  [java.dll+0x1e58]
C  0x0000000003687e1d

Java frames: (J=compiled Java code, j=interpreted, Vv=VM code)
J 864  java.lang.ClassLoader.defineClass1(Ljava/lang/String;[BIILjava/security/ProtectionDomain;Ljava/lang/String;)Ljava/lang/Class; (0 bytes) @ 0x0000000003687d9f [0x0000000003687d00+0x9f]
J 860 C1 java.lang.ClassLoader.defineClass(Ljava/lang/String;[BIILjava/security/ProtectionDomain;)Ljava/lang/Class; (43 bytes) @ 0x000000000368866c [0x0000000003688560+0x10c]
J 866 C1 java.net.URLClassLoader.defineClass(Ljava/lang/String;Lsun/misc/Resource;)Ljava/lang/Class; (142 bytes) @ 0x000000000368e424 [0x000000000368da40+0x9e4]
J 757 C1 java.net.URLClassLoader$1.run()Ljava/lang/Class; (63 bytes) @ 0x000000000365e9cc [0x000000000365e900+0xcc]
J 756 C1 java.net.URLClassLoader$1.run()Ljava/lang/Object; (5 bytes) @ 0x000000000365dcd4 [0x000000000365dca0+0x34]
v  ~StubRoutines::call_stub
J 614  java.security.AccessController.doPrivileged(Ljava/security/PrivilegedExceptionAction;Ljava/security/AccessControlContext;)Ljava/lang/Object; (0 bytes) @ 0x000000000360f366 [0x000000000360f300+0x66]
J 754 C1 java.net.URLClassLoader.findClass(Ljava/lang/String;)Ljava/lang/Class; (47 bytes) @ 0x000000000365e384 [0x000000000365e2c0+0xc4]
J 594 C1 java.lang.ClassLoader.loadClass(Ljava/lang/String;Z)Ljava/lang/Class; (122 bytes) @ 0x0000000003608f74 [0x0000000003608c60+0x314]
J 687 C1 sun.misc.Launcher$AppClassLoader.loadClass(Ljava/lang/String;Z)Ljava/lang/Class; (85 bytes) @ 0x0000000003634b94 [0x00000000036348a0+0x2f4]
J 684 C1 java.lang.ClassLoader.loadClass(Ljava/lang/String;)Ljava/lang/Class; (7 bytes) @ 0x0000000003633724 [0x00000000036336e0+0x44]
v  ~StubRoutines::call_stub
J 2030  java.lang.Class.getDeclaredMethods0(Z)[Ljava/lang/reflect/Method; (0 bytes) @ 0x000000000382e67b [0x000000000382e640+0x3b]
J 1588 C1 java.lang.Class.privateGetDeclaredMethods(Z)[Ljava/lang/reflect/Method; (67 bytes) @ 0x000000000378ad0c [0x000000000378ac00+0x10c]
j  java.lang.Class.getDeclaredMethods()[Ljava/lang/reflect/Method;+11
j  org.springframework.util.ReflectionUtils.getDeclaredMethods(Ljava/lang/Class;Z)[Ljava/lang/reflect/Method;+24
j  org.springframework.util.ReflectionUtils.doWithMethods(Ljava/lang/Class;Lorg/springframework/util/ReflectionUtils$MethodCallback;Lorg/springframework/util/ReflectionUtils$MethodFilter;)V+2
j  org.springframework.util.ReflectionUtils.getUniqueDeclaredMethods(Ljava/lang/Class;Lorg/springframework/util/ReflectionUtils$MethodFilter;)[Ljava/lang/reflect/Method;+18
j  org.springframework.beans.factory.support.AbstractAutowireCapableBeanFactory.lambda$getTypeForFactoryMethod$2(Ljava/lang/Class;)[Ljava/lang/reflect/Method;+4
j  org.springframework.beans.factory.support.AbstractAutowireCapableBeanFactory$$Lambda$205.apply(Ljava/lang/Object;)Ljava/lang/Object;+4
J 2969 C1 java.util.concurrent.ConcurrentHashMap.computeIfAbsent(Ljava/lang/Object;Ljava/util/function/Function;)Ljava/lang/Object; (493 bytes) @ 0x00000000039e661c [0x00000000039e5f20+0x6fc]
j  org.springframework.beans.factory.support.AbstractAutowireCapableBeanFactory.getTypeForFactoryMethod(Ljava/lang/String;Lorg/springframework/beans/factory/support/RootBeanDefinition;[Ljava/lang/Class;)Ljava/lang/Class;+137
J 1786 C1 org.springframework.beans.factory.support.AbstractAutowireCapableBeanFactory.determineTargetType(Ljava/lang/String;Lorg/springframework/beans/factory/support/RootBeanDefinition;[Ljava/lang/Class;)Ljava/lang/Class; (60 bytes) @ 0x00000000037dc97c [0x00000000037dc8c0+0xbc]
J 1789 C1 org.springframework.beans.factory.support.AbstractAutowireCapableBeanFactory.predictBeanType(Ljava/lang/String;Lorg/springframework/beans/factory/support/RootBeanDefinition;[Ljava/lang/Class;)Ljava/lang/Class; (138 bytes) @ 0x00000000037dc084 [0x00000000037dc020+0x64]
J 1784 C1 org.springframework.beans.factory.support.AbstractBeanFactory.isFactoryBean(Ljava/lang/String;Lorg/springframework/beans/factory/support/RootBeanDefinition;)Z (60 bytes) @ 0x00000000037db4fc [0x00000000037db3a0+0x15c]
J 3014 C1 org.springframework.beans.factory.support.DefaultListableBeanFactory.doGetBeanNamesForType(Lorg/springframework/core/ResolvableType;ZZ)[Ljava/lang/String; (511 bytes) @ 0x00000000039f395c [0x00000000039f35e0+0x37c]
j  org.springframework.beans.factory.support.DefaultListableBeanFactory.getBeanNamesForType(Ljava/lang/Class;ZZ)[Ljava/lang/String;+22
j  org.springframework.boot.autoconfigure.condition.OnBeanCondition.collectBeanNamesForType(Lorg/springframework/beans/factory/ListableBeanFactory;ZLjava/lang/Class;Ljava/util/Set;Ljava/util/Set;)Ljava/util/Set;+6
j  org.springframework.boot.autoconfigure.condition.OnBeanCondition.getBeanNamesForType(Lorg/springframework/beans/factory/ListableBeanFactory;ZLjava/lang/Class;Ljava/util/Set;)Ljava/util/Set;+7
j  org.springframework.boot.autoconfigure.condition.OnBeanCondition.getBeanNamesForType(Ljava/lang/ClassLoader;ZLorg/springframework/beans/factory/ListableBeanFactory;Ljava/lang/String;Ljava/util/Set;)Ljava/util/Set;+11
j  org.springframework.boot.autoconfigure.condition.OnBeanCondition.getMatchingBeans(Lorg/springframework/context/annotation/ConditionContext;Lorg/springframework/boot/autoconfigure/condition/OnBeanCondition$Spec;)Lorg/springframework/boot/autoconfigure/condition/OnBeanCondition$MatchResult;+143
j  org.springframework.boot.autoconfigure.condition.OnBeanCondition.getMatchOutcome(Lorg/springframework/context/annotation/ConditionContext;Lorg/springframework/core/type/AnnotatedTypeMetadata;)Lorg/springframework/boot/autoconfigure/condition/ConditionOutcome;+279
J 2908 C1 org.springframework.boot.autoconfigure.condition.SpringBootCondition.matches(Lorg/springframework/context/annotation/ConditionContext;Lorg/springframework/core/type/AnnotatedTypeMetadata;)Z (118 bytes) @ 0x00000000039cfad4 [0x00000000039cfa60+0x74]
J 2875 C1 org.springframework.context.annotation.ConditionEvaluator.shouldSkip(Lorg/springframework/core/type/AnnotatedTypeMetadata;Lorg/springframework/context/annotation/ConfigurationCondition$ConfigurationPhase;)Z (250 bytes) @ 0x00000000039bfdfc [0x00000000039bf6e0+0x71c]
j  org.springframework.context.annotation.ConfigurationClassBeanDefinitionReader.loadBeanDefinitionsForBeanMethod(Lorg/springframework/context/annotation/BeanMethod;)V+26
j  org.springframework.context.annotation.ConfigurationClassBeanDefinitionReader.loadBeanDefinitionsForConfigurationClass(Lorg/springframework/context/annotation/ConfigurationClass;Lorg/springframework/context/annotation/ConfigurationClassBeanDefinitionReader$TrackedConditionEvaluator;)V+107
j  org.springframework.context.annotation.ConfigurationClassBeanDefinitionReader.loadBeanDefinitions(Ljava/util/Set;)V+41
j  org.springframework.context.annotation.ConfigurationClassPostProcessor.processConfigBeanDefinitions(Lorg/springframework/beans/factory/support/BeanDefinitionRegistry;)V+373
j  org.springframework.context.annotation.ConfigurationClassPostProcessor.postProcessBeanDefinitionRegistry(Lorg/springframework/beans/factory/support/BeanDefinitionRegistry;)V+107
j  org.springframework.context.support.PostProcessorRegistrationDelegate.invokeBeanDefinitionRegistryPostProcessors(Ljava/util/Collection;Lorg/springframework/beans/factory/support/BeanDefinitionRegistry;)V+28
j  org.springframework.context.support.PostProcessorRegistrationDelegate.invokeBeanFactoryPostProcessors(Lorg/springframework/beans/factory/config/ConfigurableListableBeanFactory;Ljava/util/List;)V+229
j  org.springframework.context.support.AbstractApplicationContext.invokeBeanFactoryPostProcessors(Lorg/springframework/beans/factory/config/ConfigurableListableBeanFactory;)V+5
j  org.springframework.context.support.AbstractApplicationContext.refresh()V+28
j  org.springframework.boot.web.servlet.context.ServletWebServerApplicationContext.refresh()V+1
j  org.springframework.boot.SpringApplication.refresh(Lorg/springframework/context/ConfigurableApplicationContext;)V+1
j  org.springframework.boot.SpringApplication.refresh(Lorg/springframework/context/ApplicationContext;)V+11
j  org.springframework.boot.SpringApplication.refreshContext(Lorg/springframework/context/ConfigurableApplicationContext;)V+2
j  org.springframework.boot.SpringApplication.run([Ljava/lang/String;)Lorg/springframework/context/ConfigurableApplicationContext;+118
j  org.springframework.boot.SpringApplication.run([Ljava/lang/Class;[Ljava/lang/String;)Lorg/springframework/context/ConfigurableApplicationContext;+9
j  org.springframework.boot.SpringApplication.run(Ljava/lang/Class;[Ljava/lang/String;)Lorg/springframework/context/ConfigurableApplicationContext;+9
j  com.guoshao.springcloud.alibaba.SeataAccountMainApplication2003.main([Ljava/lang/String;)V+3
v  ~StubRoutines::call_stub
j  sun.reflect.NativeMethodAccessorImpl.invoke0(Ljava/lang/reflect/Method;Ljava/lang/Object;[Ljava/lang/Object;)Ljava/lang/Object;+0
j  sun.reflect.NativeMethodAccessorImpl.invoke(Ljava/lang/Object;[Ljava/lang/Object;)Ljava/lang/Object;+100
j  sun.reflect.DelegatingMethodAccessorImpl.invoke(Ljava/lang/Object;[Ljava/lang/Object;)Ljava/lang/Object;+6
j  java.lang.reflect.Method.invoke(Ljava/lang/Object;[Ljava/lang/Object;)Ljava/lang/Object;+56
j  org.springframework.boot.devtools.restart.RestartLauncher.run()V+42
v  ~StubRoutines::call_stub

---------------  P R O C E S S  ---------------

Java Threads: ( => current thread )
  0x0000000020c93000 JavaThread "Keep-Alive-Timer" daemon [_thread_blocked, id=18920, stack(0x0000000024670000,0x0000000024770000)]
  0x0000000022a36800 JavaThread "com.alibaba.nacos.client.Worker.fixed-localhost_8848" daemon [_thread_blocked, id=6668, stack(0x0000000024570000,0x0000000024670000)]
  0x0000000022a36000 JavaThread "com.alibaba.nacos.client.config.security.updater" daemon [_thread_blocked, id=15772, stack(0x0000000024470000,0x0000000024570000)]
  0x0000000022a4f000 JavaThread "com.alibaba.nacos.client.identify.watcher.0" daemon [_thread_blocked, id=24964, stack(0x0000000024370000,0x0000000024470000)]
  0x0000000022a2d000 JavaThread "RMI Scheduler(0)" daemon [_thread_blocked, id=13244, stack(0x0000000023f70000,0x0000000024070000)]
  0x0000000022a39800 JavaThread "RMI TCP Connection(1)-113.54.153.189" daemon [_thread_in_native, id=13140, stack(0x0000000023670000,0x0000000023770000)]
=>0x00000000224eb800 JavaThread "restartedMain" [_thread_in_vm, id=18152, stack(0x0000000023570000,0x0000000023670000)]
  0x00000000224e8000 JavaThread "Thread-1" [_thread_blocked, id=5968, stack(0x0000000023470000,0x0000000023570000)]
  0x0000000020f4d000 JavaThread "RMI TCP Accept-0" daemon [_thread_in_native, id=8532, stack(0x0000000021ff0000,0x00000000220f0000)]
  0x0000000020d18000 JavaThread "Service Thread" daemon [_thread_blocked, id=24504, stack(0x0000000021dd0000,0x0000000021ed0000)]
  0x0000000020c91800 JavaThread "C1 CompilerThread11" daemon [_thread_blocked, id=14680, stack(0x0000000021cd0000,0x0000000021dd0000)]
  0x0000000020c7e800 JavaThread "C1 CompilerThread10" daemon [_thread_blocked, id=20240, stack(0x0000000021bd0000,0x0000000021cd0000)]
  0x0000000020c6e000 JavaThread "C1 CompilerThread9" daemon [_thread_blocked, id=9152, stack(0x0000000021ad0000,0x0000000021bd0000)]
  0x0000000020c4d000 JavaThread "C1 CompilerThread8" daemon [_thread_blocked, id=17000, stack(0x00000000219d0000,0x0000000021ad0000)]
  0x0000000020c1c000 JavaThread "C2 CompilerThread7" daemon [_thread_blocked, id=20120, stack(0x00000000218d0000,0x00000000219d0000)]
  0x0000000020c19000 JavaThread "C2 CompilerThread6" daemon [_thread_blocked, id=17416, stack(0x00000000217d0000,0x00000000218d0000)]
  0x0000000020c18800 JavaThread "C2 CompilerThread5" daemon [_thread_blocked, id=14288, stack(0x00000000216d0000,0x00000000217d0000)]
  0x0000000020c0f800 JavaThread "C2 CompilerThread4" daemon [_thread_blocked, id=18924, stack(0x00000000215d0000,0x00000000216d0000)]
  0x0000000020c0d800 JavaThread "C2 CompilerThread3" daemon [_thread_blocked, id=18200, stack(0x00000000214d0000,0x00000000215d0000)]
  0x0000000020c0d000 JavaThread "C2 CompilerThread2" daemon [_thread_blocked, id=12432, stack(0x00000000213d0000,0x00000000214d0000)]
  0x0000000020bf8800 JavaThread "C2 CompilerThread1" daemon [_thread_blocked, id=27192, stack(0x00000000212d0000,0x00000000213d0000)]
  0x0000000020bf7800 JavaThread "C2 CompilerThread0" daemon [_thread_blocked, id=24432, stack(0x00000000211d0000,0x00000000212d0000)]
  0x0000000020c24000 JavaThread "Monitor Ctrl-Break" daemon [_thread_in_native, id=13016, stack(0x00000000210d0000,0x00000000211d0000)]
  0x000000001ed66800 JavaThread "Attach Listener" daemon [_thread_blocked, id=17428, stack(0x00000000207c0000,0x00000000208c0000)]
  0x000000001ed0f800 JavaThread "Signal Dispatcher" daemon [_thread_blocked, id=9944, stack(0x00000000206c0000,0x00000000207c0000)]
  0x000000001ecec000 JavaThread "Finalizer" daemon [_thread_blocked, id=16700, stack(0x0000000020550000,0x0000000020650000)]
  0x000000001d284800 JavaThread "Reference Handler" daemon [_thread_blocked, id=16688, stack(0x0000000020450000,0x0000000020550000)]
  0x0000000003009000 JavaThread "main" [_thread_blocked, id=23408, stack(0x0000000002f00000,0x0000000003000000)]

Other Threads:
  0x000000001ecc4800 VMThread [stack: 0x0000000020350000,0x0000000020450000] [id=21988]
  0x0000000020f56000 WatcherThread [stack: 0x00000000220f0000,0x00000000221f0000] [id=24036]

VM state:not at safepoint (normal execution)

VM Mutex/Monitor currently owned by a thread: None

Heap:
 PSYoungGen      total 202240K, used 50291K [0x000000076af00000, 0x000000077c380000, 0x00000007c0000000)
  eden space 192000K, 21% used [0x000000076af00000,0x000000076d67b848,0x0000000776a80000)
  from space 10240K, 96% used [0x000000077b980000,0x000000077c3213b8,0x000000077c380000)
  to   space 10752K, 0% used [0x000000077ae80000,0x000000077ae80000,0x000000077b900000)
 ParOldGen       total 108032K, used 9006K [0x00000006c0c00000, 0x00000006c7580000, 0x000000076af00000)
  object space 108032K, 8% used [0x00000006c0c00000,0x00000006c14cb938,0x00000006c7580000)
 Metaspace       used 25677K, capacity 26828K, committed 27056K, reserved 1073152K
  class space    used 3428K, capacity 3654K, committed 3760K, reserved 1048576K

Card table byte_map: [0x0000000012640000,0x0000000012e40000] byte_map_base: 0x000000000f03a000

Marking Bits: (ParMarkBitMap*) 0x000000007638c720
 Begin Bits: [0x00000000140a0000, 0x0000000018070000)
 End Bits:   [0x0000000018070000, 0x000000001c040000)

Polling page: 0x00000000011f0000

CodeCache: size=245760Kb used=7682Kb max_used=7682Kb free=238077Kb
 bounds [0x0000000003280000, 0x0000000003a10000, 0x0000000012280000]
 total_blobs=3474 nmethods=3038 adapters=346
 compilation: enabled

Compilation events (10 events):
Event: 2.070 Thread 0x0000000020c6e000 nmethod 3034 0x00000000039ff0d0 code [0x00000000039ff220, 0x00000000039ff330]
Event: 2.070 Thread 0x0000000020c4d000 nmethod 3035 0x00000000039ff390 code [0x00000000039ff4e0, 0x00000000039ff5f0]
Event: 2.070 Thread 0x0000000020c7e800 nmethod 3033 0x00000000039ff650 code [0x00000000039ff7a0, 0x00000000039ff8d0]
Event: 2.070 Thread 0x0000000020c91800 nmethod 3031 0x00000000039ff950 code [0x00000000039ffb20, 0x0000000003a00068]
Event: 2.074 Thread 0x0000000020c6e000 3036       1       org.springframework.context.annotation.ConfigurationMethod::getMetadata (5 bytes)
Event: 2.074 Thread 0x0000000020c6e000 nmethod 3036 0x0000000003a00390 code [0x0000000003a004e0, 0x0000000003a005f0]
Event: 2.077 Thread 0x0000000020c4d000 3037       1       org.springframework.beans.factory.support.AbstractBeanDefinition::setRole (6 bytes)
Event: 2.077 Thread 0x0000000020c4d000 nmethod 3037 0x0000000003a00650 code [0x0000000003a007a0, 0x0000000003a008b0]
Event: 2.077 Thread 0x0000000020c7e800 3038       1       java.util.HashMap::putAll (7 bytes)
Event: 2.077 Thread 0x0000000020c7e800 nmethod 3038 0x0000000003a00910 code [0x0000000003a00a60, 0x0000000003a00b88]

GC Heap History (10 events):
Event: 0.575 GC heap before
{Heap before GC invocations=1 (full 0):
 PSYoungGen      total 76288K, used 65536K [0x000000076af00000, 0x0000000770400000, 0x00000007c0000000)
  eden space 65536K, 100% used [0x000000076af00000,0x000000076ef00000,0x000000076ef00000)
  from space 10752K, 0% used [0x000000076f980000,0x000000076f980000,0x0000000770400000)
  to   space 10752K, 0% used [0x000000076ef00000,0x000000076ef00000,0x000000076f980000)
 ParOldGen       total 175104K, used 0K [0x00000006c0c00000, 0x00000006cb700000, 0x000000076af00000)
  object space 175104K, 0% used [0x00000006c0c00000,0x00000006c0c00000,0x00000006cb700000)
 Metaspace       used 10172K, capacity 10482K, committed 10624K, reserved 1058816K
  class space    used 1234K, capacity 1322K, committed 1408K, reserved 1048576K
Event: 0.582 GC heap after
Heap after GC invocations=1 (full 0):
 PSYoungGen      total 76288K, used 9271K [0x000000076af00000, 0x0000000774400000, 0x00000007c0000000)
  eden space 65536K, 0% used [0x000000076af00000,0x000000076af00000,0x000000076ef00000)
  from space 10752K, 86% used [0x000000076ef00000,0x000000076f80dfd8,0x000000076f980000)
  to   space 10752K, 0% used [0x0000000773980000,0x0000000773980000,0x0000000774400000)
 ParOldGen       total 175104K, used 16K [0x00000006c0c00000, 0x00000006cb700000, 0x000000076af00000)
  object space 175104K, 0% used [0x00000006c0c00000,0x00000006c0c04000,0x00000006cb700000)
 Metaspace       used 10172K, capacity 10482K, committed 10624K, reserved 1058816K
  class space    used 1234K, capacity 1322K, committed 1408K, reserved 1048576K
}
Event: 0.996 GC heap before
{Heap before GC invocations=2 (full 0):
 PSYoungGen      total 76288K, used 74807K [0x000000076af00000, 0x0000000774400000, 0x00000007c0000000)
  eden space 65536K, 100% used [0x000000076af00000,0x000000076ef00000,0x000000076ef00000)
  from space 10752K, 86% used [0x000000076ef00000,0x000000076f80dfd8,0x000000076f980000)
  to   space 10752K, 0% used [0x0000000773980000,0x0000000773980000,0x0000000774400000)
 ParOldGen       total 175104K, used 16K [0x00000006c0c00000, 0x00000006cb700000, 0x000000076af00000)
  object space 175104K, 0% used [0x00000006c0c00000,0x00000006c0c04000,0x00000006cb700000)
 Metaspace       used 15423K, capacity 15976K, committed 16256K, reserved 1062912K
  class space    used 1971K, capacity 2123K, committed 2176K, reserved 1048576K
Event: 1.000 GC heap after
Heap after GC invocations=2 (full 0):
 PSYoungGen      total 141824K, used 8326K [0x000000076af00000, 0x0000000774400000, 0x00000007c0000000)
  eden space 131072K, 0% used [0x000000076af00000,0x000000076af00000,0x0000000772f00000)
  from space 10752K, 77% used [0x0000000773980000,0x00000007741a18c8,0x0000000774400000)
  to   space 10752K, 0% used [0x0000000772f00000,0x0000000772f00000,0x0000000773980000)
 ParOldGen       total 175104K, used 24K [0x00000006c0c00000, 0x00000006cb700000, 0x000000076af00000)
  object space 175104K, 0% used [0x00000006c0c00000,0x00000006c0c06000,0x00000006cb700000)
 Metaspace       used 15423K, capacity 15976K, committed 16256K, reserved 1062912K
  class space    used 1971K, capacity 2123K, committed 2176K, reserved 1048576K
}
Event: 1.242 GC heap before
{Heap before GC invocations=3 (full 0):
 PSYoungGen      total 141824K, used 76119K [0x000000076af00000, 0x0000000774400000, 0x00000007c0000000)
  eden space 131072K, 51% used [0x000000076af00000,0x000000076f134388,0x0000000772f00000)
  from space 10752K, 77% used [0x0000000773980000,0x00000007741a18c8,0x0000000774400000)
  to   space 10752K, 0% used [0x0000000772f00000,0x0000000772f00000,0x0000000773980000)
 ParOldGen       total 175104K, used 24K [0x00000006c0c00000, 0x00000006cb700000, 0x000000076af00000)
  object space 175104K, 0% used [0x00000006c0c00000,0x00000006c0c06000,0x00000006cb700000)
 Metaspace       used 20399K, capacity 21228K, committed 21296K, reserved 1067008K
  class space    used 2659K, capacity 2855K, committed 2864K, reserved 1048576K
Event: 1.246 GC heap after
Heap after GC invocations=3 (full 0):
 PSYoungGen      total 141824K, used 9462K [0x000000076af00000, 0x000000077c400000, 0x00000007c0000000)
  eden space 131072K, 0% used [0x000000076af00000,0x000000076af00000,0x0000000772f00000)
  from space 10752K, 88% used [0x0000000772f00000,0x000000077383d820,0x0000000773980000)
  to   space 10752K, 0% used [0x000000077b980000,0x000000077b980000,0x000000077c400000)
 ParOldGen       total 175104K, used 104K [0x00000006c0c00000, 0x00000006cb700000, 0x000000076af00000)
  object space 175104K, 0% used [0x00000006c0c00000,0x00000006c0c1a010,0x00000006cb700000)
 Metaspace       used 20399K, capacity 21228K, committed 21296K, reserved 1067008K
  class space    used 2659K, capacity 2855K, committed 2864K, reserved 1048576K
}
Event: 1.246 GC heap before
{Heap before GC invocations=4 (full 1):
 PSYoungGen      total 141824K, used 9462K [0x000000076af00000, 0x000000077c400000, 0x00000007c0000000)
  eden space 131072K, 0% used [0x000000076af00000,0x000000076af00000,0x0000000772f00000)
  from space 10752K, 88% used [0x0000000772f00000,0x000000077383d820,0x0000000773980000)
  to   space 10752K, 0% used [0x000000077b980000,0x000000077b980000,0x000000077c400000)
 ParOldGen       total 175104K, used 104K [0x00000006c0c00000, 0x00000006cb700000, 0x000000076af00000)
  object space 175104K, 0% used [0x00000006c0c00000,0x00000006c0c1a010,0x00000006cb700000)
 Metaspace       used 20399K, capacity 21228K, committed 21296K, reserved 1067008K
  class space    used 2659K, capacity 2855K, committed 2864K, reserved 1048576K
Event: 1.263 GC heap after
Heap after GC invocations=4 (full 1):
 PSYoungGen      total 141824K, used 0K [0x000000076af00000, 0x000000077c400000, 0x00000007c0000000)
  eden space 131072K, 0% used [0x000000076af00000,0x000000076af00000,0x0000000772f00000)
  from space 10752K, 0% used [0x0000000772f00000,0x0000000772f00000,0x0000000773980000)
  to   space 10752K, 0% used [0x000000077b980000,0x000000077b980000,0x000000077c400000)
 ParOldGen       total 108032K, used 8998K [0x00000006c0c00000, 0x00000006c7580000, 0x000000076af00000)
  object space 108032K, 8% used [0x00000006c0c00000,0x00000006c14c9938,0x00000006c7580000)
 Metaspace       used 20397K, capacity 21222K, committed 21296K, reserved 1067008K
  class space    used 2659K, capacity 2854K, committed 2864K, reserved 1048576K
}
Event: 1.955 GC heap before
{Heap before GC invocations=5 (full 1):
 PSYoungGen      total 141824K, used 131072K [0x000000076af00000, 0x000000077c400000, 0x00000007c0000000)
  eden space 131072K, 100% used [0x000000076af00000,0x0000000772f00000,0x0000000772f00000)
  from space 10752K, 0% used [0x0000000772f00000,0x0000000772f00000,0x0000000773980000)
  to   space 10752K, 0% used [0x000000077b980000,0x000000077b980000,0x000000077c400000)
 ParOldGen       total 108032K, used 8998K [0x00000006c0c00000, 0x00000006c7580000, 0x000000076af00000)
  object space 108032K, 8% used [0x00000006c0c00000,0x00000006c14c9938,0x00000006c7580000)
 Metaspace       used 24637K, capacity 25772K, committed 25904K, reserved 1071104K
  class space    used 3271K, capacity 3510K, committed 3632K, reserved 1048576K
Event: 1.960 GC heap after
Heap after GC invocations=5 (full 1):
 PSYoungGen      total 202240K, used 9860K [0x000000076af00000, 0x000000077c380000, 0x00000007c0000000)
  eden space 192000K, 0% used [0x000000076af00000,0x000000076af00000,0x0000000776a80000)
  from space 10240K, 96% used [0x000000077b980000,0x000000077c3213b8,0x000000077c380000)
  to   space 10752K, 0% used [0x000000077ae80000,0x000000077ae80000,0x000000077b900000)
 ParOldGen       total 108032K, used 9006K [0x00000006c0c00000, 0x00000006c7580000, 0x000000076af00000)
  object space 108032K, 8% used [0x00000006c0c00000,0x00000006c14cb938,0x00000006c7580000)
 Metaspace       used 24637K, capacity 25772K, committed 25904K, reserved 1071104K
  class space    used 3271K, capacity 3510K, committed 3632K, reserved 1048576K
}

Deoptimization events (0 events):
No events

Internal exceptions (10 events):
Event: 1.938 Thread 0x00000000224eb800 Exception <a 'java/lang/ArrayIndexOutOfBoundsException'> (0x0000000772848c78) thrown at [C:\re\workspace\8-2-build-windows-amd64-cygwin\jdk8u131\8869\hotspot\src\share\vm\runtime\sharedRuntime.cpp, line 605]
Event: 1.938 Thread 0x00000000224eb800 Exception <a 'java/lang/ArrayIndexOutOfBoundsException'> (0x000000077284a378) thrown at [C:\re\workspace\8-2-build-windows-amd64-cygwin\jdk8u131\8869\hotspot\src\share\vm\runtime\sharedRuntime.cpp, line 605]
Event: 1.998 Thread 0x00000000224eb800 Exception <a 'java/lang/ArrayIndexOutOfBoundsException'> (0x000000076c048200) thrown at [C:\re\workspace\8-2-build-windows-amd64-cygwin\jdk8u131\8869\hotspot\src\share\vm\runtime\sharedRuntime.cpp, line 605]
Event: 2.007 Thread 0x00000000224eb800 Exception <a 'java/lang/ArrayIndexOutOfBoundsException'> (0x000000076c282858) thrown at [C:\re\workspace\8-2-build-windows-amd64-cygwin\jdk8u131\8869\hotspot\src\share\vm\runtime\sharedRuntime.cpp, line 605]
Event: 2.015 Thread 0x00000000224eb800 Exception <a 'java/lang/ArrayIndexOutOfBoundsException'> (0x000000076c3ea000) thrown at [C:\re\workspace\8-2-build-windows-amd64-cygwin\jdk8u131\8869\hotspot\src\share\vm\runtime\sharedRuntime.cpp, line 605]
Event: 2.018 Thread 0x00000000224eb800 Exception <a 'java/lang/ArrayIndexOutOfBoundsException'> (0x000000076c47af08) thrown at [C:\re\workspace\8-2-build-windows-amd64-cygwin\jdk8u131\8869\hotspot\src\share\vm\runtime\sharedRuntime.cpp, line 605]
Event: 2.028 Thread 0x00000000224eb800 Exception <a 'java/lang/ArrayIndexOutOfBoundsException'> (0x000000076c7d2850) thrown at [C:\re\workspace\8-2-build-windows-amd64-cygwin\jdk8u131\8869\hotspot\src\share\vm\runtime\sharedRuntime.cpp, line 605]
Event: 2.048 Thread 0x00000000224eb800 Exception <a 'java/lang/ArrayIndexOutOfBoundsException'> (0x000000076cd53ce0) thrown at [C:\re\workspace\8-2-build-windows-amd64-cygwin\jdk8u131\8869\hotspot\src\share\vm\runtime\sharedRuntime.cpp, line 605]
Event: 2.058 Thread 0x00000000224eb800 Exception <a 'java/lang/ArrayIndexOutOfBoundsException'> (0x000000076cf225a8) thrown at [C:\re\workspace\8-2-build-windows-amd64-cygwin\jdk8u131\8869\hotspot\src\share\vm\runtime\sharedRuntime.cpp, line 605]
Event: 2.065 Thread 0x00000000224eb800 Exception <a 'java/lang/ArrayIndexOutOfBoundsException'> (0x000000076d05ccb0) thrown at [C:\re\workspace\8-2-build-windows-amd64-cygwin\jdk8u131\8869\hotspot\src\share\vm\runtime\sharedRuntime.cpp, line 605]

Events (10 events):
Event: 2.077 loading class com/alibaba/cloud/seata/feign/hystrix/SeataHystrixAutoConfiguration
Event: 2.077 loading class com/alibaba/cloud/seata/feign/hystrix/SeataHystrixAutoConfiguration done
Event: 2.077 loading class com/alibaba/cloud/seata/feign/hystrix/SeataHystrixConcurrencyStrategy
Event: 2.077 loading class com/alibaba/cloud/seata/feign/hystrix/SeataHystrixConcurrencyStrategy done
Event: 2.078 loading class com/netflix/hystrix/strategy/concurrency/HystrixConcurrencyStrategy
Event: 2.078 loading class com/netflix/hystrix/strategy/concurrency/HystrixConcurrencyStrategy done
Event: 2.078 loading class com/alibaba/cloud/seata/rest/SeataRestTemplateAutoConfiguration
Event: 2.078 loading class com/alibaba/cloud/seata/rest/SeataRestTemplateAutoConfiguration done
Event: 2.078 loading class com/alibaba/cloud/seata/rest/SeataRestTemplateInterceptor
Event: 2.078 loading class com/alibaba/cloud/seata/rest/SeataRestTemplateInterceptor done


Dynamic libraries:
0x00007ff758b10000 - 0x00007ff758b47000 	D:\Develop\develop_tools\jdk1.8.0_131\bin\java.exe
0x00007ffff8110000 - 0x00007ffff8305000 	C:\WINDOWS\SYSTEM32\ntdll.dll
0x00007ffff73e0000 - 0x00007ffff749d000 	C:\WINDOWS\System32\KERNEL32.DLL
0x00007ffff5900000 - 0x00007ffff5bc8000 	C:\WINDOWS\System32\KERNELBASE.dll
0x00007ffff7760000 - 0x00007ffff780c000 	C:\WINDOWS\System32\ADVAPI32.dll
0x00007ffff6320000 - 0x00007ffff63be000 	C:\WINDOWS\System32\msvcrt.dll
0x00007ffff8030000 - 0x00007ffff80cb000 	C:\WINDOWS\System32\sechost.dll
0x00007ffff6cb0000 - 0x00007ffff6ddb000 	C:\WINDOWS\System32\RPCRT4.dll
0x00007ffff74a0000 - 0x00007ffff7640000 	C:\WINDOWS\System32\USER32.dll
0x00007ffff5850000 - 0x00007ffff5872000 	C:\WINDOWS\System32\win32u.dll
0x00007ffff7e00000 - 0x00007ffff7e2a000 	C:\WINDOWS\System32\GDI32.dll
0x00007ffff6070000 - 0x00007ffff617b000 	C:\WINDOWS\System32\gdi32full.dll
0x00007ffff5fd0000 - 0x00007ffff606d000 	C:\WINDOWS\System32\msvcp_win.dll
0x00007ffff5e20000 - 0x00007ffff5f20000 	C:\WINDOWS\System32\ucrtbase.dll
0x00007fffe79e0000 - 0x00007fffe7c7a000 	C:\WINDOWS\WinSxS\amd64_microsoft.windows.common-controls_6595b64144ccf1df_6.0.19041.1052_none_60b8f8fd71f5e8cb\COMCTL32.dll
0x00007ffff7c90000 - 0x00007ffff7cc0000 	C:\WINDOWS\System32\IMM32.DLL
0x0000000077b50000 - 0x0000000077c22000 	D:\Develop\develop_tools\jdk1.8.0_131\jre\bin\msvcr100.dll
0x0000000075b70000 - 0x000000007640c000 	D:\Develop\develop_tools\jdk1.8.0_131\jre\bin\server\jvm.dll
0x00007ffff7f00000 - 0x00007ffff7f08000 	C:\WINDOWS\System32\PSAPI.DLL
0x00007fffecc70000 - 0x00007fffecc7a000 	C:\WINDOWS\SYSTEM32\VERSION.dll
0x00007ffff1100000 - 0x00007ffff1109000 	C:\WINDOWS\SYSTEM32\WSOCK32.dll
0x00007fffebb30000 - 0x00007fffebb57000 	C:\WINDOWS\SYSTEM32\WINMM.dll
0x00007ffff7640000 - 0x00007ffff76ab000 	C:\WINDOWS\System32\WS2_32.dll
0x0000000077cf0000 - 0x0000000077cff000 	D:\Develop\develop_tools\jdk1.8.0_131\jre\bin\verify.dll
0x0000000077cc0000 - 0x0000000077ce9000 	D:\Develop\develop_tools\jdk1.8.0_131\jre\bin\java.dll
0x0000000077b20000 - 0x0000000077b43000 	D:\Develop\develop_tools\jdk1.8.0_131\jre\bin\instrument.dll
0x0000000077ca0000 - 0x0000000077cb6000 	D:\Develop\develop_tools\jdk1.8.0_131\jre\bin\zip.dll
0x00007ffff6570000 - 0x00007ffff6caf000 	C:\WINDOWS\System32\SHELL32.dll
0x00007ffff39c0000 - 0x00007ffff4150000 	C:\WINDOWS\SYSTEM32\windows.storage.dll
0x00007ffff6f40000 - 0x00007ffff7295000 	C:\WINDOWS\System32\combase.dll
0x00007ffff52c0000 - 0x00007ffff52ec000 	C:\WINDOWS\SYSTEM32\Wldp.dll
0x00007ffff7330000 - 0x00007ffff73de000 	C:\WINDOWS\System32\SHCORE.dll
0x00007ffff62c0000 - 0x00007ffff6315000 	C:\WINDOWS\System32\shlwapi.dll
0x00007ffff5790000 - 0x00007ffff57af000 	C:\WINDOWS\SYSTEM32\profapi.dll
0x00007fffe8550000 - 0x00007fffe856a000 	D:\Develop\develop_tools\IntelliJ IDEA 2020.2.3\bin\breakgen64.dll
0x0000000077c70000 - 0x0000000077c8a000 	D:\Develop\develop_tools\jdk1.8.0_131\jre\bin\net.dll
0x00007ffff5030000 - 0x00007ffff509a000 	C:\WINDOWS\system32\mswsock.dll
0x00007ffff4d20000 - 0x00007ffff4dec000 	C:\WINDOWS\SYSTEM32\DNSAPI.dll
0x00007ffff4cd0000 - 0x00007ffff4d0b000 	C:\WINDOWS\SYSTEM32\IPHLPAPI.DLL
0x00007ffff7810000 - 0x00007ffff7818000 	C:\WINDOWS\System32\NSI.dll
0x00007fffeed60000 - 0x00007fffeed6a000 	C:\Windows\System32\rasadhlp.dll
0x00007fffe8e40000 - 0x00007fffe8ebf000 	C:\WINDOWS\System32\fwpuclnt.dll
0x00007ffff5880000 - 0x00007ffff58a7000 	C:\WINDOWS\System32\bcrypt.dll
0x0000000077c90000 - 0x0000000077c9d000 	D:\Develop\develop_tools\jdk1.8.0_131\jre\bin\management.dll
0x0000000077c50000 - 0x0000000077c61000 	D:\Develop\develop_tools\jdk1.8.0_131\jre\bin\nio.dll
0x00007ffff5200000 - 0x00007ffff5218000 	C:\WINDOWS\SYSTEM32\CRYPTSP.dll
0x00007ffff4960000 - 0x00007ffff4994000 	C:\WINDOWS\system32\rsaenh.dll
0x00007ffff5750000 - 0x00007ffff577e000 	C:\WINDOWS\SYSTEM32\USERENV.dll
0x00007ffff5d30000 - 0x00007ffff5db3000 	C:\WINDOWS\System32\bcryptprimitives.dll
0x00007ffff5220000 - 0x00007ffff522c000 	C:\WINDOWS\SYSTEM32\CRYPTBASE.dll
0x00007fffede00000 - 0x00007fffede17000 	C:\WINDOWS\SYSTEM32\dhcpcsvc6.DLL
0x00007fffedc40000 - 0x00007fffedc5d000 	C:\WINDOWS\SYSTEM32\dhcpcsvc.DLL
0x00007fffe4f50000 - 0x00007fffe4f67000 	C:\WINDOWS\system32\napinsp.dll
0x00007fffe4f30000 - 0x00007fffe4f4b000 	C:\WINDOWS\system32\pnrpnsp.dll
0x00007ffff0a40000 - 0x00007ffff0a55000 	C:\WINDOWS\system32\wshbth.dll
0x00007ffff1010000 - 0x00007ffff102d000 	C:\WINDOWS\system32\NLAapi.dll
0x00007fffe4ee0000 - 0x00007fffe4ef2000 	C:\WINDOWS\System32\winrnr.dll
0x00007fffe9150000 - 0x00007fffe9334000 	C:\WINDOWS\SYSTEM32\dbghelp.dll

VM Arguments:
jvm_args: -XX:TieredStopAtLevel=1 -Xverify:none -Dspring.output.ansi.enabled=always -Dcom.sun.management.jmxremote -Dspring.jmx.enabled=true -Dspring.liveBeansView.mbeanDomain -Dspring.application.admin.enabled=true -javaagent:D:\Develop\develop_tools\IntelliJ IDEA 2020.2.3\lib\idea_rt.jar=2338:D:\Develop\develop_tools\IntelliJ IDEA 2020.2.3\bin -Dfile.encoding=UTF-8 
java_command: com.guoshao.springcloud.alibaba.SeataAccountMainApplication2003
java_class_path (initial): D:\Develop\develop_tools\jdk1.8.0_131\jre\lib\charsets.jar;D:\Develop\develop_tools\jdk1.8.0_131\jre\lib\deploy.jar;D:\Develop\develop_tools\jdk1.8.0_131\jre\lib\ext\access-bridge-64.jar;D:\Develop\develop_tools\jdk1.8.0_131\jre\lib\ext\cldrdata.jar;D:\Develop\develop_tools\jdk1.8.0_131\jre\lib\ext\dnsns.jar;D:\Develop\develop_tools\jdk1.8.0_131\jre\lib\ext\jaccess.jar;D:\Develop\develop_tools\jdk1.8.0_131\jre\lib\ext\jfxrt.jar;D:\Develop\develop_tools\jdk1.8.0_131\jre\lib\ext\localedata.jar;D:\Develop\develop_tools\jdk1.8.0_131\jre\lib\ext\nashorn.jar;D:\Develop\develop_tools\jdk1.8.0_131\jre\lib\ext\sunec.jar;D:\Develop\develop_tools\jdk1.8.0_131\jre\lib\ext\sunjce_provider.jar;D:\Develop\develop_tools\jdk1.8.0_131\jre\lib\ext\sunmscapi.jar;D:\Develop\develop_tools\jdk1.8.0_131\jre\lib\ext\sunpkcs11.jar;D:\Develop\develop_tools\jdk1.8.0_131\jre\lib\ext\zipfs.jar;D:\Develop\develop_tools\jdk1.8.0_131\jre\lib\javaws.jar;D:\Develop\develop_tools\jdk1.8.0_131\jre\lib\jce.jar;D:\Develop\develop_tools\jdk1.8.0_131\jre\lib\jfr.jar;D:\Develop\develop_tools\jdk1.8.0_131\jre\lib\jfxswt.jar;D:\Develop\develop_tools\jdk1.8.0_131\jre\lib\jsse.jar;D:\Develop\develop_tools\jdk1.8.0_131\jre\lib\management-agent.jar;D:\Develop\develop_tools\jdk1.8.0_131\jre\lib\plugin.jar;D:\Develop\develop_tools\jdk1.8.0_131\jre\lib\resources.jar;D:\Develop\develop_tools\jdk1.8.0_131\jre\lib\rt.jar;D:\developer\cloud2021\seata-account-service2003\target\classes;D:\developer\Maven_Work\repository\com\alibaba\cloud\spring-cloud-starter-alibaba-nacos-config\2.2.5.RELEASE\spring-cloud-starter-alibaba-nacos-config-2.2.5.RELEASE.jar;D:\developer\Maven_Work\repository\com\alibaba\spring\spring-context-support\1.0.10\spring-context-support-1.0.10.jar;D:\developer\Maven_Work\repository\com\alibaba\nacos\nacos-client\1.4.1\nacos-client-1.4.1.jar;D:\developer\Maven_Work\repository\com\alibaba\nacos\nacos-common\1.4.1\nacos-common-1.4.1.jar;D:\developer\Maven_Work\repository\comm
Launcher Type: SUN_STANDARD

Environment Variables:
JAVA_HOME=D:\Develop\develop_tools\jdk1.8.0_131
PATH=D:\Develop\develop_tools\apache-maven-3.6.3\bin;D:\Develop\develop_tools\jdk1.8.0_131\bin;D:\Develop\develop_tools\jdk1.8.0_131\jre\bin;C:\ProgramData\Oracle\Java\javapath;C:\WINDOWS\system32;C:\WINDOWS;C:\WINDOWS\System32\Wbem;C:\WINDOWS\System32\WindowsPowerShell\v1.0\;C:\WINDOWS\System32\OpenSSH\;D:\Program Files\Polyspace\R2020a\runtime\win64;D:\Program Files\Polyspace\R2020a\bin;D:\Program Files\Polyspace\R2020a\polyspace\bin;C:\Program Files (x86)\NVIDIA Corporation\PhysX\Common;D:\Program Files (x86)\National Instruments\Shared\LabVIEW CLI;C:\Program Files\MySQL\MySQL Server 5.7\bin;C:\WINDOWS\system32;C:\WINDOWS;C:\WINDOWS\System32\Wbem;C:\WINDOWS\System32\WindowsPowerShell\v1.0\;C:\WINDOWS\System32\OpenSSH\;D:\Develop\Git\cmd;D:\Develop\Xshell\;D:\Develop\Xftp\;C:\Users\GYY\AppData\Local\Microsoft\WindowsApps;D:\Program Files\Bandizip\;
USERNAME=GYY
OS=Windows_NT
PROCESSOR_IDENTIFIER=AMD64 Family 23 Model 113 Stepping 0, AuthenticAMD



---------------  S Y S T E M  ---------------

OS: Windows 10.0 , 64 bit Build 19041 (10.0.19041.1023)

CPU:total 16 (initial active 16) (16 cores per cpu, 1 threads per core) family 23 model 113 stepping 0, cmov, cx8, fxsr, mmx, sse, sse2, sse3, ssse3, sse4.1, sse4.2, popcnt, avx, avx2, aes, clmul, mmxext, 3dnowpref, lzcnt, sse4a, tsc, tscinvbit, tscinv, bmi1

Memory: 4k page, physical 16726788k(7067480k free), swap 29760088k(2549412k free)

vm_info: Java HotSpot(TM) 64-Bit Server VM (25.131-b11) for windows-amd64 JRE (1.8.0_131-b11), built on Mar 15 2017 01:23:53 by "java_re" with MS VC++ 10.0 (VS2010)

time: Tue Jun 22 09:41:24 2021
elapsed time: 2 seconds (0d 0h 0m 2s)

